Assembler report for fibo_1
Tue Jun 11 12:24:05 2024
Quartus Prime Version 20.1.1 Build 720 11/11/2020 SJ Lite Edition


---------------------
; Table of Contents ;
---------------------
  1. Legal Notice
  2. Assembler Summary
  3. Assembler Settings
  4. Assembler Encrypted IP Cores Summary
  5. Assembler Generated Files
  6. Assembler Device Options: C:/Lab/fiboo_for/output_files/fibo_1.pof
  7. Assembler Messages



----------------
; Legal Notice ;
----------------
Copyright (C) 2020  Intel Corporation. All rights reserved.
Your use of Intel Corporation's design tools, logic functions 
and other software and tools, and any partner logic 
functions, and any output files from any of the foregoing 
(including device programming or simulation files), and any 
associated documentation or information are expressly subject 
to the terms and conditions of the Intel Program License 
Subscription Agreement, the Intel Quartus Prime License Agreement,
the Intel FPGA IP License Agreement, or other applicable license
agreement, including, without limitation, that your use is for
the sole purpose of programming logic devices manufactured by
Intel and sold by Intel or its authorized distributors.  Please
refer to the applicable agreement for further details, at
https://fpgasoftware.intel.com/eula.



+---------------------------------------------------------------+
; Assembler Summary                                             ;
+-----------------------+---------------------------------------+
; Assembler Status      ; Successful - Tue Jun 11 12:24:05 2024 ;
; Revision Name         ; fibo_1                                ;
; Top-level Entity Name ; TopLevel                              ;
; Family                ; MAX V                                 ;
; Device                ; 5M1270ZT144C5                         ;
+-----------------------+---------------------------------------+


+----------------------------------+
; Assembler Settings               ;
+--------+---------+---------------+
; Option ; Setting ; Default Value ;
+--------+---------+---------------+


+------------------------------------------------+
; Assembler Encrypted IP Cores Summary           ;
+--------+------------------------+--------------+
; Vendor ; IP Core Name           ; License Type ;
+--------+------------------------+--------------+
; Altera ; Signal Tap (6AF7 BCE1) ; Licensed     ;
; Altera ; Signal Tap (6AF7 BCEC) ; Licensed     ;
+--------+------------------------+--------------+


+------------------------------------------+
; Assembler Generated Files                ;
+------------------------------------------+
; File Name                                ;
+------------------------------------------+
; C:/Lab/fiboo_for/output_files/fibo_1.pof ;
+------------------------------------------+


+--------------------------------------------------------------------+
; Assembler Device Options: C:/Lab/fiboo_for/output_files/fibo_1.pof ;
+----------------+---------------------------------------------------+
; Option         ; Setting                                           ;
+----------------+---------------------------------------------------+
; JTAG usercode  ; 0x0061BE46                                        ;
; Checksum       ; 0x0061BE62                                        ;
+----------------+---------------------------------------------------+


+--------------------+
; Assembler Messages ;
+--------------------+
Info: *******************************************************************
Info: Running Quartus Prime Assembler
    Info: Version 20.1.1 Build 720 11/11/2020 SJ Lite Edition
    Info: Processing started: Tue Jun 11 12:24:04 2024
Info: Command: quartus_asm --read_settings_files=off --write_settings_files=off fibo_1 -c fibo_1
Warning (18236): Number of processors has not been specified which may cause overloading on shared machines.  Set the global assignment NUM_PARALLEL_PROCESSORS in your QSF to an appropriate value for best performance.
Info (115031): Writing out detailed assembly data for power analysis
Info (115030): Assembler is generating device programming files
Warning (12914): The file, C:/Lab/fiboo_for/Scan_Chain_Files/v_jtag.sopcinfo, is not embedded into sof file as expected.  Some tools, such as System Console, may not function fully.
Info: Quartus Prime Assembler was successful. 0 errors, 2 warnings
    Info: Peak virtual memory: 4665 megabytes
    Info: Processing ended: Tue Jun 11 12:24:05 2024
    Info: Elapsed time: 00:00:01
    Info: Total CPU time (on all processors): 00:00:01


