Analysis & Synthesis report for Bcd_adder
Fri Jun 07 10:17:41 2024
Quartus Prime Version 20.1.1 Build 720 11/11/2020 SJ Lite Edition


---------------------
; Table of Contents ;
---------------------
  1. Legal Notice
  2. Analysis & Synthesis Summary
  3. Analysis & Synthesis Settings
  4. Parallel Compilation
  5. Analysis & Synthesis Source Files Read
  6. Analysis & Synthesis Resource Usage Summary
  7. Analysis & Synthesis Resource Utilization by Entity
  8. Analysis & Synthesis IP Cores Summary
  9. General Register Statistics
 10. Inverted Register Statistics
 11. Multiplexer Restructuring Statistics (Restructuring Performed)
 12. Parameter Settings for User Entity Instance: v_jtag:u0|sld_virtual_jtag:virtual_jtag_0
 13. Port Connectivity Checks: "DUT:dut_instance|BCD_ADDER:add_instance|FULL_ADDER:inst12"
 14. Port Connectivity Checks: "DUT:dut_instance|BCD_ADDER:add_instance|HALF_ADDER:inst9"
 15. Port Connectivity Checks: "v_jtag:u0"
 16. Virtual JTAG Settings
 17. Analysis & Synthesis Messages



----------------
; Legal Notice ;
----------------
Copyright (C) 2020  Intel Corporation. All rights reserved.
Your use of Intel Corporation's design tools, logic functions 
and other software and tools, and any partner logic 
functions, and any output files from any of the foregoing 
(including device programming or simulation files), and any 
associated documentation or information are expressly subject 
to the terms and conditions of the Intel Program License 
Subscription Agreement, the Intel Quartus Prime License Agreement,
the Intel FPGA IP License Agreement, or other applicable license
agreement, including, without limitation, that your use is for
the sole purpose of programming logic devices manufactured by
Intel and sold by Intel or its authorized distributors.  Please
refer to the applicable agreement for further details, at
https://fpgasoftware.intel.com/eula.



+---------------------------------------------------------------------------+
; Analysis & Synthesis Summary                                              ;
+-----------------------------+---------------------------------------------+
; Analysis & Synthesis Status ; Successful - Fri Jun 07 10:17:41 2024       ;
; Quartus Prime Version       ; 20.1.1 Build 720 11/11/2020 SJ Lite Edition ;
; Revision Name               ; Bcd_adder                                   ;
; Top-level Entity Name       ; TopLevel                                    ;
; Family                      ; MAX V                                       ;
; Total logic elements        ; 122                                         ;
; Total pins                  ; 5                                           ;
; Total virtual pins          ; 0                                           ;
; UFM blocks                  ; 0 / 1 ( 0 % )                               ;
+-----------------------------+---------------------------------------------+


+------------------------------------------------------------------------------------------------------------+
; Analysis & Synthesis Settings                                                                              ;
+------------------------------------------------------------------+--------------------+--------------------+
; Option                                                           ; Setting            ; Default Value      ;
+------------------------------------------------------------------+--------------------+--------------------+
; Device                                                           ; 5M1270ZT144C5      ;                    ;
; Top-level entity name                                            ; TopLevel           ; Bcd_adder          ;
; Family name                                                      ; MAX V              ; Cyclone V          ;
; Use smart compilation                                            ; Off                ; Off                ;
; Enable parallel Assembler and Timing Analyzer during compilation ; On                 ; On                 ;
; Enable compact report table                                      ; Off                ; Off                ;
; Restructure Multiplexers                                         ; Auto               ; Auto               ;
; Create Debugging Nodes for IP Cores                              ; Off                ; Off                ;
; Preserve fewer node names                                        ; On                 ; On                 ;
; Intel FPGA IP Evaluation Mode                                    ; Enable             ; Enable             ;
; Verilog Version                                                  ; Verilog_2001       ; Verilog_2001       ;
; VHDL Version                                                     ; VHDL_1993          ; VHDL_1993          ;
; State Machine Processing                                         ; Auto               ; Auto               ;
; Safe State Machine                                               ; Off                ; Off                ;
; Extract Verilog State Machines                                   ; On                 ; On                 ;
; Extract VHDL State Machines                                      ; On                 ; On                 ;
; Ignore Verilog initial constructs                                ; Off                ; Off                ;
; Iteration limit for constant Verilog loops                       ; 5000               ; 5000               ;
; Iteration limit for non-constant Verilog loops                   ; 250                ; 250                ;
; Add Pass-Through Logic to Inferred RAMs                          ; On                 ; On                 ;
; Infer RAMs from Raw Logic                                        ; On                 ; On                 ;
; Parallel Synthesis                                               ; On                 ; On                 ;
; NOT Gate Push-Back                                               ; On                 ; On                 ;
; Power-Up Don't Care                                              ; On                 ; On                 ;
; Remove Redundant Logic Cells                                     ; Off                ; Off                ;
; Remove Duplicate Registers                                       ; On                 ; On                 ;
; Ignore CARRY Buffers                                             ; Off                ; Off                ;
; Ignore CASCADE Buffers                                           ; Off                ; Off                ;
; Ignore GLOBAL Buffers                                            ; Off                ; Off                ;
; Ignore ROW GLOBAL Buffers                                        ; Off                ; Off                ;
; Ignore LCELL Buffers                                             ; Off                ; Off                ;
; Ignore SOFT Buffers                                              ; On                 ; On                 ;
; Limit AHDL Integers to 32 Bits                                   ; Off                ; Off                ;
; Optimization Technique                                           ; Balanced           ; Balanced           ;
; Carry Chain Length                                               ; 70                 ; 70                 ;
; Auto Carry Chains                                                ; On                 ; On                 ;
; Auto Open-Drain Pins                                             ; On                 ; On                 ;
; Perform WYSIWYG Primitive Resynthesis                            ; Off                ; Off                ;
; Auto Shift Register Replacement                                  ; Auto               ; Auto               ;
; Allow Shift Register Merging across Hierarchies                  ; Auto               ; Auto               ;
; Auto Clock Enable Replacement                                    ; On                 ; On                 ;
; Allow Synchronous Control Signals                                ; On                 ; On                 ;
; Force Use of Synchronous Clear Signals                           ; Off                ; Off                ;
; Auto Resource Sharing                                            ; Off                ; Off                ;
; Use LogicLock Constraints during Resource Balancing              ; On                 ; On                 ;
; Ignore translate_off and synthesis_off directives                ; Off                ; Off                ;
; Report Parameter Settings                                        ; On                 ; On                 ;
; Report Source Assignments                                        ; On                 ; On                 ;
; Report Connectivity Checks                                       ; On                 ; On                 ;
; Ignore Maximum Fan-Out Assignments                               ; Off                ; Off                ;
; Synchronization Register Chain Length                            ; 2                  ; 2                  ;
; Power Optimization During Synthesis                              ; Normal compilation ; Normal compilation ;
; HDL message level                                                ; Level2             ; Level2             ;
; Suppress Register Optimization Related Messages                  ; Off                ; Off                ;
; Number of Removed Registers Reported in Synthesis Report         ; 5000               ; 5000               ;
; Number of Swept Nodes Reported in Synthesis Report               ; 5000               ; 5000               ;
; Number of Inverted Registers Reported in Synthesis Report        ; 100                ; 100                ;
; Clock MUX Protection                                             ; On                 ; On                 ;
; Block Design Naming                                              ; Auto               ; Auto               ;
; Synthesis Effort                                                 ; Auto               ; Auto               ;
; Shift Register Replacement - Allow Asynchronous Clear Signal     ; On                 ; On                 ;
; Analysis & Synthesis Message Level                               ; Medium             ; Medium             ;
; Disable Register Merging Across Hierarchies                      ; Auto               ; Auto               ;
+------------------------------------------------------------------+--------------------+--------------------+


+------------------------------------------+
; Parallel Compilation                     ;
+----------------------------+-------------+
; Processors                 ; Number      ;
+----------------------------+-------------+
; Number detected on machine ; 12          ;
; Maximum allowed            ; 12          ;
;                            ;             ;
; Average used               ; 1.00        ;
; Maximum used               ; 1           ;
;                            ;             ;
; Usage by Processor         ; % Time Used ;
;     Processor 1            ; 100.0%      ;
+----------------------------+-------------+


+-------------------------------------------------------------------------------------------------------------------------------------------------------------------------------------------------------------------------------------+
; Analysis & Synthesis Source Files Read                                                                                                                                                                                              ;
+--------------------------------------------------------------------+-----------------+------------------------------------+-------------------------------------------------------------------------------------------+-------------+
; File Name with User-Entered Path                                   ; Used in Netlist ; File Type                          ; File Name with Absolute Path                                                              ; Library     ;
+--------------------------------------------------------------------+-----------------+------------------------------------+-------------------------------------------------------------------------------------------+-------------+
; Scan_Chain_Files/v_jtag/synthesis/v_jtag.vhd                       ; yes             ; User VHDL File                     ; C:/Lab/Lab_4_BCD_Adder/Scan_Chain_Files/v_jtag/synthesis/v_jtag.vhd                       ;             ;
; Scan_Chain_Files/TopLevel.vhdl                                     ; yes             ; User VHDL File                     ; C:/Lab/Lab_4_BCD_Adder/Scan_Chain_Files/TopLevel.vhdl                                     ;             ;
; Gates.vhdl                                                         ; yes             ; User VHDL File                     ; C:/Lab/Lab_4_BCD_Adder/Gates.vhdl                                                         ;             ;
; DUT.vhdl                                                           ; yes             ; User VHDL File                     ; C:/Lab/Lab_4_BCD_Adder/DUT.vhdl                                                           ;             ;
; Bcd_adder.vhd                                                      ; yes             ; User VHDL File                     ; C:/Lab/Lab_4_BCD_Adder/Bcd_adder.vhd                                                      ;             ;
; sld_virtual_jtag.v                                                 ; yes             ; Megafunction                       ; c:/intelfpga_lite/20.1/quartus/libraries/megafunctions/sld_virtual_jtag.v                 ;             ;
; sld_virtual_jtag_basic.v                                           ; yes             ; Megafunction                       ; c:/intelfpga_lite/20.1/quartus/libraries/megafunctions/sld_virtual_jtag_basic.v           ;             ;
; sld_jtag_endpoint_adapter.vhd                                      ; yes             ; Encrypted Megafunction             ; c:/intelfpga_lite/20.1/quartus/libraries/megafunctions/sld_jtag_endpoint_adapter.vhd      ;             ;
; sld_jtag_endpoint_adapter_impl.sv                                  ; yes             ; Encrypted Megafunction             ; c:/intelfpga_lite/20.1/quartus/libraries/megafunctions/sld_jtag_endpoint_adapter_impl.sv  ;             ;
; sld_hub.vhd                                                        ; yes             ; Encrypted Megafunction             ; c:/intelfpga_lite/20.1/quartus/libraries/megafunctions/sld_hub.vhd                        ; altera_sld  ;
; db/ip/sld772088ca/alt_sld_fab.v                                    ; yes             ; Encrypted Altera IP File           ; C:/Lab/Lab_4_BCD_Adder/db/ip/sld772088ca/alt_sld_fab.v                                    ; alt_sld_fab ;
; db/ip/sld772088ca/submodules/alt_sld_fab_alt_sld_fab.v             ; yes             ; Encrypted Altera IP File           ; C:/Lab/Lab_4_BCD_Adder/db/ip/sld772088ca/submodules/alt_sld_fab_alt_sld_fab.v             ; alt_sld_fab ;
; db/ip/sld772088ca/submodules/alt_sld_fab_alt_sld_fab_ident.sv      ; yes             ; Auto-Found SystemVerilog HDL File  ; C:/Lab/Lab_4_BCD_Adder/db/ip/sld772088ca/submodules/alt_sld_fab_alt_sld_fab_ident.sv      ; alt_sld_fab ;
; db/ip/sld772088ca/submodules/alt_sld_fab_alt_sld_fab_presplit.sv   ; yes             ; Encrypted Altera IP File           ; C:/Lab/Lab_4_BCD_Adder/db/ip/sld772088ca/submodules/alt_sld_fab_alt_sld_fab_presplit.sv   ; alt_sld_fab ;
; db/ip/sld772088ca/submodules/alt_sld_fab_alt_sld_fab_sldfabric.vhd ; yes             ; Encrypted Altera IP File           ; C:/Lab/Lab_4_BCD_Adder/db/ip/sld772088ca/submodules/alt_sld_fab_alt_sld_fab_sldfabric.vhd ; alt_sld_fab ;
; db/ip/sld772088ca/submodules/alt_sld_fab_alt_sld_fab_splitter.sv   ; yes             ; Encrypted Altera IP File           ; C:/Lab/Lab_4_BCD_Adder/db/ip/sld772088ca/submodules/alt_sld_fab_alt_sld_fab_splitter.sv   ; alt_sld_fab ;
; sld_jtag_hub.vhd                                                   ; yes             ; Encrypted Megafunction             ; c:/intelfpga_lite/20.1/quartus/libraries/megafunctions/sld_jtag_hub.vhd                   ;             ;
; sld_rom_sr.vhd                                                     ; yes             ; Encrypted Megafunction             ; c:/intelfpga_lite/20.1/quartus/libraries/megafunctions/sld_rom_sr.vhd                     ;             ;
+--------------------------------------------------------------------+-----------------+------------------------------------+-------------------------------------------------------------------------------------------+-------------+


+------------------------------------------------------------------------+
; Analysis & Synthesis Resource Usage Summary                            ;
+---------------------------------------------+--------------------------+
; Resource                                    ; Usage                    ;
+---------------------------------------------+--------------------------+
; Total logic elements                        ; 122                      ;
;     -- Combinational with no register       ; 47                       ;
;     -- Register only                        ; 27                       ;
;     -- Combinational with a register        ; 48                       ;
;                                             ;                          ;
; Logic element usage by number of LUT inputs ;                          ;
;     -- 4 input functions                    ; 43                       ;
;     -- 3 input functions                    ; 25                       ;
;     -- 2 input functions                    ; 24                       ;
;     -- 1 input functions                    ; 3                        ;
;     -- 0 input functions                    ; 0                        ;
;                                             ;                          ;
; Logic elements by mode                      ;                          ;
;     -- normal mode                          ; 118                      ;
;     -- arithmetic mode                      ; 4                        ;
;     -- qfbk mode                            ; 0                        ;
;     -- register cascade mode                ; 0                        ;
;     -- synchronous clear/load mode          ; 14                       ;
;     -- asynchronous clear/load mode         ; 21                       ;
;                                             ;                          ;
; Total registers                             ; 75                       ;
; Total logic cells in carry chains           ; 5                        ;
; I/O pins                                    ; 5                        ;
; Maximum fan-out node                        ; altera_internal_jtag~TDO ;
; Maximum fan-out                             ; 82                       ;
; Total fan-out                               ; 468                      ;
; Average fan-out                             ; 3.55                     ;
+---------------------------------------------+--------------------------+


+--------------------------------------------------------------------------------------------------------------------------------------------------------------------------------------------------------------------------------------------------------------------------------------------------------------------------------------------------------------------------------------------------------------------------------------------------------------------------------------------------------------------------------------------------------------------------------------------------------------------------------------------------------------------------------------------------------+
; Analysis & Synthesis Resource Utilization by Entity                                                                                                                                                                                                                                                                                                                                                                                                                                                                                                                                                                                                                                                    ;
+-----------------------------------------------------------------------------------------------------------------------------------------+-------------+--------------+------------+------+--------------+--------------+-------------------+------------------+-----------------+------------+------------------------------------------------------------------------------------------------------------------------------------------------------------------------------------------------------------------------------------------------------------------------------------------------------------------------------------------------------+-----------------------------------+--------------+
; Compilation Hierarchy Node                                                                                                              ; Logic Cells ; LC Registers ; UFM Blocks ; Pins ; Virtual Pins ; LUT-Only LCs ; Register-Only LCs ; LUT/Register LCs ; Carry Chain LCs ; Packed LCs ; Full Hierarchy Name                                                                                                                                                                                                                                                                                                                                  ; Entity Name                       ; Library Name ;
+-----------------------------------------------------------------------------------------------------------------------------------------+-------------+--------------+------------+------+--------------+--------------+-------------------+------------------+-----------------+------------+------------------------------------------------------------------------------------------------------------------------------------------------------------------------------------------------------------------------------------------------------------------------------------------------------------------------------------------------------+-----------------------------------+--------------+
; |TopLevel                                                                                                                               ; 122 (30)    ; 75           ; 0          ; 5    ; 0            ; 47 (8)       ; 27 (16)           ; 48 (6)           ; 5 (0)           ; 0 (0)      ; |TopLevel                                                                                                                                                                                                                                                                                                                                            ; TopLevel                          ; work         ;
;    |DUT:dut_instance|                                                                                                                   ; 4 (0)       ; 0            ; 0          ; 0    ; 0            ; 4 (0)        ; 0 (0)             ; 0 (0)            ; 0 (0)           ; 0 (0)      ; |TopLevel|DUT:dut_instance                                                                                                                                                                                                                                                                                                                           ; DUT                               ; work         ;
;       |BCD_ADDER:add_instance|                                                                                                          ; 4 (0)       ; 0            ; 0          ; 0    ; 0            ; 4 (0)        ; 0 (0)             ; 0 (0)            ; 0 (0)           ; 0 (0)      ; |TopLevel|DUT:dut_instance|BCD_ADDER:add_instance                                                                                                                                                                                                                                                                                                    ; BCD_ADDER                         ; work         ;
;          |FULL_ADDER:inst2|                                                                                                             ; 2 (2)       ; 0            ; 0          ; 0    ; 0            ; 2 (2)        ; 0 (0)             ; 0 (0)            ; 0 (0)           ; 0 (0)      ; |TopLevel|DUT:dut_instance|BCD_ADDER:add_instance|FULL_ADDER:inst2                                                                                                                                                                                                                                                                                   ; FULL_ADDER                        ; work         ;
;          |FULL_ADDER:inst3|                                                                                                             ; 1 (1)       ; 0            ; 0          ; 0    ; 0            ; 1 (1)        ; 0 (0)             ; 0 (0)            ; 0 (0)           ; 0 (0)      ; |TopLevel|DUT:dut_instance|BCD_ADDER:add_instance|FULL_ADDER:inst3                                                                                                                                                                                                                                                                                   ; FULL_ADDER                        ; work         ;
;          |OR_2:inst8|                                                                                                                   ; 1 (1)       ; 0            ; 0          ; 0    ; 0            ; 1 (1)        ; 0 (0)             ; 0 (0)            ; 0 (0)           ; 0 (0)      ; |TopLevel|DUT:dut_instance|BCD_ADDER:add_instance|OR_2:inst8                                                                                                                                                                                                                                                                                         ; OR_2                              ; work         ;
;    |sld_hub:auto_hub|                                                                                                                   ; 85 (0)      ; 53           ; 0          ; 0    ; 0            ; 32 (0)       ; 11 (0)            ; 42 (0)           ; 5 (0)           ; 0 (0)      ; |TopLevel|sld_hub:auto_hub                                                                                                                                                                                                                                                                                                                           ; sld_hub                           ; altera_sld   ;
;       |alt_sld_fab_with_jtag_input:\instrumentation_fabric_with_node_gen:fabric_gen_new_way:with_jtag_input_gen:instrumentation_fabric| ; 85 (0)      ; 53           ; 0          ; 0    ; 0            ; 32 (0)       ; 11 (0)            ; 42 (0)           ; 5 (0)           ; 0 (0)      ; |TopLevel|sld_hub:auto_hub|alt_sld_fab_with_jtag_input:\instrumentation_fabric_with_node_gen:fabric_gen_new_way:with_jtag_input_gen:instrumentation_fabric                                                                                                                                                                                           ; alt_sld_fab_with_jtag_input       ; altera_sld   ;
;          |alt_sld_fab:instrumentation_fabric|                                                                                           ; 85 (0)      ; 53           ; 0          ; 0    ; 0            ; 32 (0)       ; 11 (0)            ; 42 (0)           ; 5 (0)           ; 0 (0)      ; |TopLevel|sld_hub:auto_hub|alt_sld_fab_with_jtag_input:\instrumentation_fabric_with_node_gen:fabric_gen_new_way:with_jtag_input_gen:instrumentation_fabric|alt_sld_fab:instrumentation_fabric                                                                                                                                                        ; alt_sld_fab                       ; alt_sld_fab  ;
;             |alt_sld_fab_alt_sld_fab:alt_sld_fab|                                                                                       ; 85 (1)      ; 53           ; 0          ; 0    ; 0            ; 32 (0)       ; 11 (0)            ; 42 (1)           ; 5 (0)           ; 0 (0)      ; |TopLevel|sld_hub:auto_hub|alt_sld_fab_with_jtag_input:\instrumentation_fabric_with_node_gen:fabric_gen_new_way:with_jtag_input_gen:instrumentation_fabric|alt_sld_fab:instrumentation_fabric|alt_sld_fab_alt_sld_fab:alt_sld_fab                                                                                                                    ; alt_sld_fab_alt_sld_fab           ; alt_sld_fab  ;
;                |alt_sld_fab_alt_sld_fab_sldfabric:sldfabric|                                                                            ; 84 (0)      ; 52           ; 0          ; 0    ; 0            ; 32 (0)       ; 11 (0)            ; 41 (0)           ; 5 (0)           ; 0 (0)      ; |TopLevel|sld_hub:auto_hub|alt_sld_fab_with_jtag_input:\instrumentation_fabric_with_node_gen:fabric_gen_new_way:with_jtag_input_gen:instrumentation_fabric|alt_sld_fab:instrumentation_fabric|alt_sld_fab_alt_sld_fab:alt_sld_fab|alt_sld_fab_alt_sld_fab_sldfabric:sldfabric                                                                        ; alt_sld_fab_alt_sld_fab_sldfabric ; alt_sld_fab  ;
;                   |sld_jtag_hub:\jtag_hub_gen:real_sld_jtag_hub|                                                                        ; 84 (47)     ; 52           ; 0          ; 0    ; 0            ; 32 (23)      ; 11 (9)            ; 41 (15)          ; 5 (0)           ; 0 (0)      ; |TopLevel|sld_hub:auto_hub|alt_sld_fab_with_jtag_input:\instrumentation_fabric_with_node_gen:fabric_gen_new_way:with_jtag_input_gen:instrumentation_fabric|alt_sld_fab:instrumentation_fabric|alt_sld_fab_alt_sld_fab:alt_sld_fab|alt_sld_fab_alt_sld_fab_sldfabric:sldfabric|sld_jtag_hub:\jtag_hub_gen:real_sld_jtag_hub                           ; sld_jtag_hub                      ; work         ;
;                      |sld_rom_sr:hub_info_reg|                                                                                          ; 18 (18)     ; 9            ; 0          ; 0    ; 0            ; 9 (9)        ; 0 (0)             ; 9 (9)            ; 5 (5)           ; 0 (0)      ; |TopLevel|sld_hub:auto_hub|alt_sld_fab_with_jtag_input:\instrumentation_fabric_with_node_gen:fabric_gen_new_way:with_jtag_input_gen:instrumentation_fabric|alt_sld_fab:instrumentation_fabric|alt_sld_fab_alt_sld_fab:alt_sld_fab|alt_sld_fab_alt_sld_fab_sldfabric:sldfabric|sld_jtag_hub:\jtag_hub_gen:real_sld_jtag_hub|sld_rom_sr:hub_info_reg   ; sld_rom_sr                        ; work         ;
;                      |sld_shadow_jsm:shadow_jsm|                                                                                        ; 19 (19)     ; 19           ; 0          ; 0    ; 0            ; 0 (0)        ; 2 (2)             ; 17 (17)          ; 0 (0)           ; 0 (0)      ; |TopLevel|sld_hub:auto_hub|alt_sld_fab_with_jtag_input:\instrumentation_fabric_with_node_gen:fabric_gen_new_way:with_jtag_input_gen:instrumentation_fabric|alt_sld_fab:instrumentation_fabric|alt_sld_fab_alt_sld_fab:alt_sld_fab|alt_sld_fab_alt_sld_fab_sldfabric:sldfabric|sld_jtag_hub:\jtag_hub_gen:real_sld_jtag_hub|sld_shadow_jsm:shadow_jsm ; sld_shadow_jsm                    ; altera_sld   ;
;    |v_jtag:u0|                                                                                                                          ; 3 (0)       ; 0            ; 0          ; 0    ; 0            ; 3 (0)        ; 0 (0)             ; 0 (0)            ; 0 (0)           ; 0 (0)      ; |TopLevel|v_jtag:u0                                                                                                                                                                                                                                                                                                                                  ; v_jtag                            ; work         ;
;       |sld_virtual_jtag:virtual_jtag_0|                                                                                                 ; 3 (0)       ; 0            ; 0          ; 0    ; 0            ; 3 (0)        ; 0 (0)             ; 0 (0)            ; 0 (0)           ; 0 (0)      ; |TopLevel|v_jtag:u0|sld_virtual_jtag:virtual_jtag_0                                                                                                                                                                                                                                                                                                  ; sld_virtual_jtag                  ; work         ;
;          |sld_virtual_jtag_basic:sld_virtual_jtag_basic_inst|                                                                           ; 3 (3)       ; 0            ; 0          ; 0    ; 0            ; 3 (3)        ; 0 (0)             ; 0 (0)            ; 0 (0)           ; 0 (0)      ; |TopLevel|v_jtag:u0|sld_virtual_jtag:virtual_jtag_0|sld_virtual_jtag_basic:sld_virtual_jtag_basic_inst                                                                                                                                                                                                                                               ; sld_virtual_jtag_basic            ; work         ;
+-----------------------------------------------------------------------------------------------------------------------------------------+-------------+--------------+------------+------+--------------+--------------+-------------------+------------------+-----------------+------------+------------------------------------------------------------------------------------------------------------------------------------------------------------------------------------------------------------------------------------------------------------------------------------------------------------------------------------------------------+-----------------------------------+--------------+
Note: For table entries with two numbers listed, the numbers in parentheses indicate the number of resources of the given type used by the specific entity alone. The numbers listed outside of parentheses indicate the total resources of the given type used by the specific entity and all of its sub-entities in the hierarchy.


+-----------------------------------------------------------------------------------------------------------------------------------------------------------------------------------------------------------------------------------------------------------------------------------------------------------------------------------------------------------------+
; Analysis & Synthesis IP Cores Summary                                                                                                                                                                                                                                                                                                                           ;
+--------+--------------+---------+--------------+--------------+-------------------------------------------------------------------------------------------------------------------------------------------------------------------------------------------------------------------------------------------------------------------------------+-----------------+
; Vendor ; IP Core Name ; Version ; Release Date ; License Type ; Entity Instance                                                                                                                                                                                                                                                               ; IP Include File ;
+--------+--------------+---------+--------------+--------------+-------------------------------------------------------------------------------------------------------------------------------------------------------------------------------------------------------------------------------------------------------------------------------+-----------------+
; Altera ; Signal Tap   ; N/A     ; N/A          ; Licensed     ; |TopLevel|sld_hub:auto_hub|alt_sld_fab_with_jtag_input:\instrumentation_fabric_with_node_gen:fabric_gen_new_way:with_jtag_input_gen:instrumentation_fabric|alt_sld_fab:instrumentation_fabric                                                                                 ;                 ;
; Altera ; Signal Tap   ; N/A     ; N/A          ; Licensed     ; |TopLevel|sld_hub:auto_hub|alt_sld_fab_with_jtag_input:\instrumentation_fabric_with_node_gen:fabric_gen_new_way:with_jtag_input_gen:instrumentation_fabric|alt_sld_fab:instrumentation_fabric|alt_sld_fab_alt_sld_fab:alt_sld_fab                                             ;                 ;
; Altera ; Signal Tap   ; N/A     ; N/A          ; Licensed     ; |TopLevel|sld_hub:auto_hub|alt_sld_fab_with_jtag_input:\instrumentation_fabric_with_node_gen:fabric_gen_new_way:with_jtag_input_gen:instrumentation_fabric|alt_sld_fab:instrumentation_fabric|alt_sld_fab_alt_sld_fab:alt_sld_fab|alt_sld_fab_alt_sld_fab_presplit:presplit   ;                 ;
; Altera ; Signal Tap   ; N/A     ; N/A          ; Licensed     ; |TopLevel|sld_hub:auto_hub|alt_sld_fab_with_jtag_input:\instrumentation_fabric_with_node_gen:fabric_gen_new_way:with_jtag_input_gen:instrumentation_fabric|alt_sld_fab:instrumentation_fabric|alt_sld_fab_alt_sld_fab:alt_sld_fab|alt_sld_fab_alt_sld_fab_sldfabric:sldfabric ;                 ;
; Altera ; Signal Tap   ; N/A     ; N/A          ; Licensed     ; |TopLevel|sld_hub:auto_hub|alt_sld_fab_with_jtag_input:\instrumentation_fabric_with_node_gen:fabric_gen_new_way:with_jtag_input_gen:instrumentation_fabric|alt_sld_fab:instrumentation_fabric|alt_sld_fab_alt_sld_fab:alt_sld_fab|alt_sld_fab_alt_sld_fab_splitter:splitter   ;                 ;
+--------+--------------+---------+--------------+--------------+-------------------------------------------------------------------------------------------------------------------------------------------------------------------------------------------------------------------------------------------------------------------------------+-----------------+


+------------------------------------------------------+
; General Register Statistics                          ;
+----------------------------------------------+-------+
; Statistic                                    ; Value ;
+----------------------------------------------+-------+
; Total registers                              ; 75    ;
; Number of registers using Synchronous Clear  ; 14    ;
; Number of registers using Synchronous Load   ; 0     ;
; Number of registers using Asynchronous Clear ; 21    ;
; Number of registers using Asynchronous Load  ; 0     ;
; Number of registers using Clock Enable       ; 44    ;
; Number of registers using Preset             ; 0     ;
+----------------------------------------------+-------+


+-------------------------------------------------------------------------------------------------------------------------------------------------------------------------------------------------------------------------------------------------------------------------------------------------------------------------------------------+
; Inverted Register Statistics                                                                                                                                                                                                                                                                                                              ;
+---------------------------------------------------------------------------------------------------------------------------------------------------------------------------------------------------------------------------------------------------------------------------------------------------------------------------------+---------+
; Inverted Register                                                                                                                                                                                                                                                                                                               ; Fan out ;
+---------------------------------------------------------------------------------------------------------------------------------------------------------------------------------------------------------------------------------------------------------------------------------------------------------------------------------+---------+
; sld_hub:auto_hub|alt_sld_fab_with_jtag_input:\instrumentation_fabric_with_node_gen:fabric_gen_new_way:with_jtag_input_gen:instrumentation_fabric|alt_sld_fab:instrumentation_fabric|alt_sld_fab_alt_sld_fab:alt_sld_fab|alt_sld_fab_alt_sld_fab_sldfabric:sldfabric|sld_jtag_hub:\jtag_hub_gen:real_sld_jtag_hub|jtag_ir_reg[2] ; 2       ;
; sld_hub:auto_hub|alt_sld_fab_with_jtag_input:\instrumentation_fabric_with_node_gen:fabric_gen_new_way:with_jtag_input_gen:instrumentation_fabric|alt_sld_fab:instrumentation_fabric|alt_sld_fab_alt_sld_fab:alt_sld_fab|alt_sld_fab_alt_sld_fab_sldfabric:sldfabric|sld_jtag_hub:\jtag_hub_gen:real_sld_jtag_hub|jtag_ir_reg[1] ; 3       ;
; Total number of inverted registers = 2                                                                                                                                                                                                                                                                                          ;         ;
+---------------------------------------------------------------------------------------------------------------------------------------------------------------------------------------------------------------------------------------------------------------------------------------------------------------------------------+---------+


+----------------------------------------------------------------------------------------------------------------------------------------------------------------------------------------------------------------------------------------------------------------------------------------------------------------------------------------------------------------------------------------------------------------------------------------------------------------------------------+
; Multiplexer Restructuring Statistics (Restructuring Performed)                                                                                                                                                                                                                                                                                                                                                                                                                   ;
+--------------------+-----------+---------------+----------------------+------------------------+------------+--------------------------------------------------------------------------------------------------------------------------------------------------------------------------------------------------------------------------------------------------------------------------------------------------------------------------------------------------------------------+
; Multiplexer Inputs ; Bus Width ; Baseline Area ; Area if Restructured ; Saving if Restructured ; Registered ; Example Multiplexer Output                                                                                                                                                                                                                                                                                                                                         ;
+--------------------+-----------+---------------+----------------------+------------------------+------------+--------------------------------------------------------------------------------------------------------------------------------------------------------------------------------------------------------------------------------------------------------------------------------------------------------------------------------------------------------------------+
; 3:1                ; 2 bits    ; 4 LEs         ; 2 LEs                ; 2 LEs                  ; Yes        ; |TopLevel|sld_hub:auto_hub|alt_sld_fab_with_jtag_input:\instrumentation_fabric_with_node_gen:fabric_gen_new_way:with_jtag_input_gen:instrumentation_fabric|alt_sld_fab:instrumentation_fabric|alt_sld_fab_alt_sld_fab:alt_sld_fab|alt_sld_fab_alt_sld_fab_sldfabric:sldfabric|sld_jtag_hub:\jtag_hub_gen:real_sld_jtag_hub|irsr_reg[2]                             ;
; 3:1                ; 4 bits    ; 8 LEs         ; 4 LEs                ; 4 LEs                  ; Yes        ; |TopLevel|datau[0]                                                                                                                                                                                                                                                                                                                                                 ;
; 4:1                ; 5 bits    ; 10 LEs        ; 5 LEs                ; 5 LEs                  ; Yes        ; |TopLevel|sld_hub:auto_hub|alt_sld_fab_with_jtag_input:\instrumentation_fabric_with_node_gen:fabric_gen_new_way:with_jtag_input_gen:instrumentation_fabric|alt_sld_fab:instrumentation_fabric|alt_sld_fab_alt_sld_fab:alt_sld_fab|alt_sld_fab_alt_sld_fab_sldfabric:sldfabric|sld_jtag_hub:\jtag_hub_gen:real_sld_jtag_hub|sld_rom_sr:hub_info_reg|word_counter[0] ;
; 20:1               ; 4 bits    ; 52 LEs        ; 32 LEs               ; 20 LEs                 ; Yes        ; |TopLevel|sld_hub:auto_hub|alt_sld_fab_with_jtag_input:\instrumentation_fabric_with_node_gen:fabric_gen_new_way:with_jtag_input_gen:instrumentation_fabric|alt_sld_fab:instrumentation_fabric|alt_sld_fab_alt_sld_fab:alt_sld_fab|alt_sld_fab_alt_sld_fab_sldfabric:sldfabric|sld_jtag_hub:\jtag_hub_gen:real_sld_jtag_hub|sld_rom_sr:hub_info_reg|WORD_SR[0]      ;
+--------------------+-----------+---------------+----------------------+------------------------+------------+--------------------------------------------------------------------------------------------------------------------------------------------------------------------------------------------------------------------------------------------------------------------------------------------------------------------------------------------------------------------+


+----------------------------------------------------------------------------------------+
; Parameter Settings for User Entity Instance: v_jtag:u0|sld_virtual_jtag:virtual_jtag_0 ;
+-------------------------+------------------+-------------------------------------------+
; Parameter Name          ; Value            ; Type                                      ;
+-------------------------+------------------+-------------------------------------------+
; sld_auto_instance_index ; YES              ; String                                    ;
; sld_instance_index      ; 0                ; Signed Integer                            ;
; sld_ir_width            ; 1                ; Signed Integer                            ;
; sld_sim_n_scan          ; 0                ; Signed Integer                            ;
; sld_sim_action          ; UNUSED           ; String                                    ;
; sld_sim_total_length    ; 0                ; Signed Integer                            ;
; lpm_type                ; sld_virtual_jtag ; String                                    ;
; lpm_hint                ; UNUSED           ; String                                    ;
+-------------------------+------------------+-------------------------------------------+
Note: In order to hide this table in the UI and the text report file, please set the "Show Parameter Settings in Synthesis Report" option in "Analysis and Synthesis Settings -> More Settings" to "Off".


+----------------------------------------------------------------------------------------------------------------+
; Port Connectivity Checks: "DUT:dut_instance|BCD_ADDER:add_instance|FULL_ADDER:inst12"                          ;
+------+--------+----------+-------------------------------------------------------------------------------------+
; Port ; Type   ; Severity ; Details                                                                             ;
+------+--------+----------+-------------------------------------------------------------------------------------+
; a    ; Input  ; Info     ; Stuck at GND                                                                        ;
; c    ; Output ; Info     ; Connected to dangling logic. Logic that only feeds a dangling port will be removed. ;
+------+--------+----------+-------------------------------------------------------------------------------------+


+--------------------------------------------------------------------------------------+
; Port Connectivity Checks: "DUT:dut_instance|BCD_ADDER:add_instance|HALF_ADDER:inst9" ;
+------+-------+----------+------------------------------------------------------------+
; Port ; Type  ; Severity ; Details                                                    ;
+------+-------+----------+------------------------------------------------------------+
; a    ; Input ; Info     ; Stuck at GND                                               ;
+------+-------+----------+------------------------------------------------------------+


+-------------------------------------------------------------------------------------------------------------------------------------------+
; Port Connectivity Checks: "v_jtag:u0"                                                                                                     ;
+---------------------------------+--------+----------+-------------------------------------------------------------------------------------+
; Port                            ; Type   ; Severity ; Details                                                                             ;
+---------------------------------+--------+----------+-------------------------------------------------------------------------------------+
; virtual_jtag_ir_in              ; Output ; Info     ; Connected to dangling logic. Logic that only feeds a dangling port will be removed. ;
; virtual_jtag_virtual_state_e1dr ; Output ; Info     ; Connected to dangling logic. Logic that only feeds a dangling port will be removed. ;
; virtual_jtag_virtual_state_pdr  ; Output ; Info     ; Connected to dangling logic. Logic that only feeds a dangling port will be removed. ;
; virtual_jtag_virtual_state_e2dr ; Output ; Info     ; Connected to dangling logic. Logic that only feeds a dangling port will be removed. ;
; virtual_jtag_virtual_state_cir  ; Output ; Info     ; Connected to dangling logic. Logic that only feeds a dangling port will be removed. ;
; virtual_jtag_virtual_state_uir  ; Output ; Info     ; Connected to dangling logic. Logic that only feeds a dangling port will be removed. ;
; virtual_jtag_tms                ; Output ; Info     ; Connected to dangling logic. Logic that only feeds a dangling port will be removed. ;
; virtual_jtag_jtag_state_tlr     ; Output ; Info     ; Connected to dangling logic. Logic that only feeds a dangling port will be removed. ;
; virtual_jtag_jtag_state_rti     ; Output ; Info     ; Connected to dangling logic. Logic that only feeds a dangling port will be removed. ;
; virtual_jtag_jtag_state_sdrs    ; Output ; Info     ; Connected to dangling logic. Logic that only feeds a dangling port will be removed. ;
; virtual_jtag_jtag_state_cdr     ; Output ; Info     ; Connected to dangling logic. Logic that only feeds a dangling port will be removed. ;
; virtual_jtag_jtag_state_sdr     ; Output ; Info     ; Connected to dangling logic. Logic that only feeds a dangling port will be removed. ;
; virtual_jtag_jtag_state_pdr     ; Output ; Info     ; Connected to dangling logic. Logic that only feeds a dangling port will be removed. ;
; virtual_jtag_jtag_state_e2dr    ; Output ; Info     ; Connected to dangling logic. Logic that only feeds a dangling port will be removed. ;
; virtual_jtag_jtag_state_udr     ; Output ; Info     ; Connected to dangling logic. Logic that only feeds a dangling port will be removed. ;
; virtual_jtag_jtag_state_sirs    ; Output ; Info     ; Connected to dangling logic. Logic that only feeds a dangling port will be removed. ;
; virtual_jtag_jtag_state_cir     ; Output ; Info     ; Connected to dangling logic. Logic that only feeds a dangling port will be removed. ;
; virtual_jtag_jtag_state_sir     ; Output ; Info     ; Connected to dangling logic. Logic that only feeds a dangling port will be removed. ;
; virtual_jtag_jtag_state_e1ir    ; Output ; Info     ; Connected to dangling logic. Logic that only feeds a dangling port will be removed. ;
; virtual_jtag_jtag_state_pir     ; Output ; Info     ; Connected to dangling logic. Logic that only feeds a dangling port will be removed. ;
; virtual_jtag_jtag_state_e2ir    ; Output ; Info     ; Connected to dangling logic. Logic that only feeds a dangling port will be removed. ;
; virtual_jtag_jtag_state_uir     ; Output ; Info     ; Connected to dangling logic. Logic that only feeds a dangling port will be removed. ;
+---------------------------------+--------+----------+-------------------------------------------------------------------------------------+


+-------------------------------------------------------------------------------------------------------------------------------------------------------------+
; Virtual JTAG Settings                                                                                                                                       ;
+----------------+------------+------------------+----------+---------+-----------------+-------------------------+-------------------------------------------+
; Instance Index ; Auto Index ; Index Reassigned ; IR Width ; Address ; USER1 DR length ; VIR capture instruction ; Hierarchy Location                        ;
+----------------+------------+------------------+----------+---------+-----------------+-------------------------+-------------------------------------------+
; 0              ; YES        ; N/A              ; 1        ; 0x10    ; 5               ; 0x0B                    ; v_jtag:u0|sld_virtual_jtag:virtual_jtag_0 ;
+----------------+------------+------------------+----------+---------+-----------------+-------------------------+-------------------------------------------+


+-------------------------------+
; Analysis & Synthesis Messages ;
+-------------------------------+
Info: *******************************************************************
Info: Running Quartus Prime Analysis & Synthesis
    Info: Version 20.1.1 Build 720 11/11/2020 SJ Lite Edition
    Info: Processing started: Fri Jun 07 10:17:22 2024
Info: Command: quartus_map --read_settings_files=on --write_settings_files=off Bcd_adder -c Bcd_adder
Warning (18236): Number of processors has not been specified which may cause overloading on shared machines.  Set the global assignment NUM_PARALLEL_PROCESSORS in your QSF to an appropriate value for best performance.
Info (20030): Parallel compilation is enabled and will use 12 of the 12 processors detected
Info (12021): Found 2 design units, including 1 entities, in source file scan_chain_files/v_jtag/synthesis/v_jtag.vhd
    Info (12022): Found design unit 1: v_jtag-rtl File: C:/Lab/Lab_4_BCD_Adder/Scan_Chain_Files/v_jtag/synthesis/v_jtag.vhd Line: 44
    Info (12023): Found entity 1: v_jtag File: C:/Lab/Lab_4_BCD_Adder/Scan_Chain_Files/v_jtag/synthesis/v_jtag.vhd Line: 9
Info (12021): Found 2 design units, including 1 entities, in source file scan_chain_files/v_jtag/synthesis/v_jtag.vhd
    Info (12022): Found design unit 1: v_jtag-rtl File: C:/Lab/Lab_4_BCD_Adder/Scan_Chain_Files/v_jtag/synthesis/v_jtag.vhd Line: 44
    Info (12023): Found entity 1: v_jtag File: C:/Lab/Lab_4_BCD_Adder/Scan_Chain_Files/v_jtag/synthesis/v_jtag.vhd Line: 9
Info (12021): Found 2 design units, including 1 entities, in source file scan_chain_files/toplevel.vhdl
    Info (12022): Found design unit 1: TopLevel-Struct File: C:/Lab/Lab_4_BCD_Adder/Scan_Chain_Files/TopLevel.vhdl Line: 13
    Info (12023): Found entity 1: TopLevel File: C:/Lab/Lab_4_BCD_Adder/Scan_Chain_Files/TopLevel.vhdl Line: 5
Info (12021): Found 2 design units, including 1 entities, in source file testbench.vhdl
    Info (12022): Found design unit 1: Testbench-Behave File: C:/Lab/Lab_4_BCD_Adder/Testbench.vhdl Line: 9
    Info (12023): Found entity 1: Testbench File: C:/Lab/Lab_4_BCD_Adder/Testbench.vhdl Line: 7
Info (12021): Found 19 design units, including 9 entities, in source file gates.vhdl
    Info (12022): Found design unit 1: Gates File: C:/Lab/Lab_4_BCD_Adder/Gates.vhdl Line: 3
    Info (12022): Found design unit 2: INVERTER-Equations File: C:/Lab/Lab_4_BCD_Adder/Gates.vhdl Line: 49
    Info (12022): Found design unit 3: AND_2-Equations File: C:/Lab/Lab_4_BCD_Adder/Gates.vhdl Line: 61
    Info (12022): Found design unit 4: NAND_2-Equations File: C:/Lab/Lab_4_BCD_Adder/Gates.vhdl Line: 72
    Info (12022): Found design unit 5: OR_2-Equations File: C:/Lab/Lab_4_BCD_Adder/Gates.vhdl Line: 83
    Info (12022): Found design unit 6: NOR_2-Equations File: C:/Lab/Lab_4_BCD_Adder/Gates.vhdl Line: 94
    Info (12022): Found design unit 7: XOR_2-Equations File: C:/Lab/Lab_4_BCD_Adder/Gates.vhdl Line: 106
    Info (12022): Found design unit 8: XNOR_2-Equations File: C:/Lab/Lab_4_BCD_Adder/Gates.vhdl Line: 117
    Info (12022): Found design unit 9: HALF_ADDER-Equations File: C:/Lab/Lab_4_BCD_Adder/Gates.vhdl Line: 128
    Info (12022): Found design unit 10: FULL_ADDER-Equations File: C:/Lab/Lab_4_BCD_Adder/Gates.vhdl Line: 141
    Info (12023): Found entity 1: INVERTER File: C:/Lab/Lab_4_BCD_Adder/Gates.vhdl Line: 45
    Info (12023): Found entity 2: AND_2 File: C:/Lab/Lab_4_BCD_Adder/Gates.vhdl Line: 57
    Info (12023): Found entity 3: NAND_2 File: C:/Lab/Lab_4_BCD_Adder/Gates.vhdl Line: 68
    Info (12023): Found entity 4: OR_2 File: C:/Lab/Lab_4_BCD_Adder/Gates.vhdl Line: 79
    Info (12023): Found entity 5: NOR_2 File: C:/Lab/Lab_4_BCD_Adder/Gates.vhdl Line: 90
    Info (12023): Found entity 6: XOR_2 File: C:/Lab/Lab_4_BCD_Adder/Gates.vhdl Line: 102
    Info (12023): Found entity 7: XNOR_2 File: C:/Lab/Lab_4_BCD_Adder/Gates.vhdl Line: 113
    Info (12023): Found entity 8: HALF_ADDER File: C:/Lab/Lab_4_BCD_Adder/Gates.vhdl Line: 124
    Info (12023): Found entity 9: FULL_ADDER File: C:/Lab/Lab_4_BCD_Adder/Gates.vhdl Line: 137
Info (12021): Found 2 design units, including 1 entities, in source file dut.vhdl
    Info (12022): Found design unit 1: DUT-DutWrap File: C:/Lab/Lab_4_BCD_Adder/DUT.vhdl Line: 13
    Info (12023): Found entity 1: DUT File: C:/Lab/Lab_4_BCD_Adder/DUT.vhdl Line: 8
Info (12021): Found 2 design units, including 1 entities, in source file bcd_adder.vhd
    Info (12022): Found design unit 1: BCD_ADDER-struct File: C:/Lab/Lab_4_BCD_Adder/Bcd_adder.vhd Line: 11
    Info (12023): Found entity 1: BCD_ADDER File: C:/Lab/Lab_4_BCD_Adder/Bcd_adder.vhd Line: 6
Info (12127): Elaborating entity "TopLevel" for the top level hierarchy
Warning (10036): Verilog HDL or VHDL warning at TopLevel.vhdl(71): object "e1dr" assigned a value but never read File: C:/Lab/Lab_4_BCD_Adder/Scan_Chain_Files/TopLevel.vhdl Line: 71
Warning (10036): Verilog HDL or VHDL warning at TopLevel.vhdl(71): object "e2dr" assigned a value but never read File: C:/Lab/Lab_4_BCD_Adder/Scan_Chain_Files/TopLevel.vhdl Line: 71
Warning (10036): Verilog HDL or VHDL warning at TopLevel.vhdl(71): object "tms" assigned a value but never read File: C:/Lab/Lab_4_BCD_Adder/Scan_Chain_Files/TopLevel.vhdl Line: 71
Warning (10036): Verilog HDL or VHDL warning at TopLevel.vhdl(71): object "jsir" assigned a value but never read File: C:/Lab/Lab_4_BCD_Adder/Scan_Chain_Files/TopLevel.vhdl Line: 71
Warning (10492): VHDL Process Statement warning at TopLevel.vhdl(80): signal "udr" is read inside the Process Statement but isn't in the Process Statement's sensitivity list File: C:/Lab/Lab_4_BCD_Adder/Scan_Chain_Files/TopLevel.vhdl Line: 80
Warning (10492): VHDL Process Statement warning at TopLevel.vhdl(89): signal "sdr" is read inside the Process Statement but isn't in the Process Statement's sensitivity list File: C:/Lab/Lab_4_BCD_Adder/Scan_Chain_Files/TopLevel.vhdl Line: 89
Warning (10492): VHDL Process Statement warning at TopLevel.vhdl(89): signal "udr" is read inside the Process Statement but isn't in the Process Statement's sensitivity list File: C:/Lab/Lab_4_BCD_Adder/Scan_Chain_Files/TopLevel.vhdl Line: 89
Warning (10492): VHDL Process Statement warning at TopLevel.vhdl(89): signal "io" is read inside the Process Statement but isn't in the Process Statement's sensitivity list File: C:/Lab/Lab_4_BCD_Adder/Scan_Chain_Files/TopLevel.vhdl Line: 89
Warning (10037): Verilog HDL or VHDL warning at TopLevel.vhdl(90): conditional expression evaluates to a constant File: C:/Lab/Lab_4_BCD_Adder/Scan_Chain_Files/TopLevel.vhdl Line: 90
Warning (10492): VHDL Process Statement warning at TopLevel.vhdl(97): signal "sdr" is read inside the Process Statement but isn't in the Process Statement's sensitivity list File: C:/Lab/Lab_4_BCD_Adder/Scan_Chain_Files/TopLevel.vhdl Line: 97
Warning (10492): VHDL Process Statement warning at TopLevel.vhdl(97): signal "udr" is read inside the Process Statement but isn't in the Process Statement's sensitivity list File: C:/Lab/Lab_4_BCD_Adder/Scan_Chain_Files/TopLevel.vhdl Line: 97
Warning (10492): VHDL Process Statement warning at TopLevel.vhdl(97): signal "io" is read inside the Process Statement but isn't in the Process Statement's sensitivity list File: C:/Lab/Lab_4_BCD_Adder/Scan_Chain_Files/TopLevel.vhdl Line: 97
Warning (10037): Verilog HDL or VHDL warning at TopLevel.vhdl(98): conditional expression evaluates to a constant File: C:/Lab/Lab_4_BCD_Adder/Scan_Chain_Files/TopLevel.vhdl Line: 98
Warning (10492): VHDL Process Statement warning at TopLevel.vhdl(105): signal "udr" is read inside the Process Statement but isn't in the Process Statement's sensitivity list File: C:/Lab/Lab_4_BCD_Adder/Scan_Chain_Files/TopLevel.vhdl Line: 105
Warning (10492): VHDL Process Statement warning at TopLevel.vhdl(105): signal "sdr" is read inside the Process Statement but isn't in the Process Statement's sensitivity list File: C:/Lab/Lab_4_BCD_Adder/Scan_Chain_Files/TopLevel.vhdl Line: 105
Warning (10492): VHDL Process Statement warning at TopLevel.vhdl(105): signal "io" is read inside the Process Statement but isn't in the Process Statement's sensitivity list File: C:/Lab/Lab_4_BCD_Adder/Scan_Chain_Files/TopLevel.vhdl Line: 105
Warning (10492): VHDL Process Statement warning at TopLevel.vhdl(109): signal "cdr" is read inside the Process Statement but isn't in the Process Statement's sensitivity list File: C:/Lab/Lab_4_BCD_Adder/Scan_Chain_Files/TopLevel.vhdl Line: 109
Warning (10492): VHDL Process Statement warning at TopLevel.vhdl(109): signal "sdr" is read inside the Process Statement but isn't in the Process Statement's sensitivity list File: C:/Lab/Lab_4_BCD_Adder/Scan_Chain_Files/TopLevel.vhdl Line: 109
Warning (10492): VHDL Process Statement warning at TopLevel.vhdl(109): signal "io" is read inside the Process Statement but isn't in the Process Statement's sensitivity list File: C:/Lab/Lab_4_BCD_Adder/Scan_Chain_Files/TopLevel.vhdl Line: 109
Info (12128): Elaborating entity "v_jtag" for hierarchy "v_jtag:u0" File: C:/Lab/Lab_4_BCD_Adder/Scan_Chain_Files/TopLevel.vhdl Line: 116
Info (12128): Elaborating entity "sld_virtual_jtag" for hierarchy "v_jtag:u0|sld_virtual_jtag:virtual_jtag_0" File: C:/Lab/Lab_4_BCD_Adder/Scan_Chain_Files/v_jtag/synthesis/v_jtag.vhd Line: 87
Info (12130): Elaborated megafunction instantiation "v_jtag:u0|sld_virtual_jtag:virtual_jtag_0" File: C:/Lab/Lab_4_BCD_Adder/Scan_Chain_Files/v_jtag/synthesis/v_jtag.vhd Line: 87
Info (12133): Instantiated megafunction "v_jtag:u0|sld_virtual_jtag:virtual_jtag_0" with the following parameter: File: C:/Lab/Lab_4_BCD_Adder/Scan_Chain_Files/v_jtag/synthesis/v_jtag.vhd Line: 87
    Info (12134): Parameter "sld_auto_instance_index" = "YES"
    Info (12134): Parameter "sld_instance_index" = "0"
    Info (12134): Parameter "sld_ir_width" = "1"
Info (12128): Elaborating entity "sld_virtual_jtag_basic" for hierarchy "v_jtag:u0|sld_virtual_jtag:virtual_jtag_0|sld_virtual_jtag_basic:sld_virtual_jtag_basic_inst" File: c:/intelfpga_lite/20.1/quartus/libraries/megafunctions/sld_virtual_jtag.v Line: 152
Info (12131): Elaborated megafunction instantiation "v_jtag:u0|sld_virtual_jtag:virtual_jtag_0|sld_virtual_jtag_basic:sld_virtual_jtag_basic_inst", which is child of megafunction instantiation "v_jtag:u0|sld_virtual_jtag:virtual_jtag_0" File: c:/intelfpga_lite/20.1/quartus/libraries/megafunctions/sld_virtual_jtag.v Line: 152
Info (12128): Elaborating entity "sld_virtual_jtag_impl" for hierarchy "v_jtag:u0|sld_virtual_jtag:virtual_jtag_0|sld_virtual_jtag_basic:sld_virtual_jtag_basic_inst|sld_virtual_jtag_impl:sld_virtual_jtag_impl_inst" File: c:/intelfpga_lite/20.1/quartus/libraries/megafunctions/sld_virtual_jtag_basic.v Line: 152
Info (12131): Elaborated megafunction instantiation "v_jtag:u0|sld_virtual_jtag:virtual_jtag_0|sld_virtual_jtag_basic:sld_virtual_jtag_basic_inst|sld_virtual_jtag_impl:sld_virtual_jtag_impl_inst", which is child of megafunction instantiation "v_jtag:u0|sld_virtual_jtag:virtual_jtag_0" File: c:/intelfpga_lite/20.1/quartus/libraries/megafunctions/sld_virtual_jtag_basic.v Line: 152
Info (12128): Elaborating entity "sld_jtag_endpoint_adapter" for hierarchy "v_jtag:u0|sld_virtual_jtag:virtual_jtag_0|sld_virtual_jtag_basic:sld_virtual_jtag_basic_inst|sld_virtual_jtag_impl:sld_virtual_jtag_impl_inst|sld_jtag_endpoint_adapter:jtag_signal_adapter" File: c:/intelfpga_lite/20.1/quartus/libraries/megafunctions/sld_virtual_jtag_basic.v Line: 415
Info (12128): Elaborating entity "sld_jtag_endpoint_adapter_impl" for hierarchy "v_jtag:u0|sld_virtual_jtag:virtual_jtag_0|sld_virtual_jtag_basic:sld_virtual_jtag_basic_inst|sld_virtual_jtag_impl:sld_virtual_jtag_impl_inst|sld_jtag_endpoint_adapter:jtag_signal_adapter|sld_jtag_endpoint_adapter_impl:sld_jtag_endpoint_adapter_impl_inst" File: c:/intelfpga_lite/20.1/quartus/libraries/megafunctions/sld_jtag_endpoint_adapter.vhd Line: 232
Info (12128): Elaborating entity "DUT" for hierarchy "DUT:dut_instance" File: C:/Lab/Lab_4_BCD_Adder/Scan_Chain_Files/TopLevel.vhdl Line: 153
Info (12128): Elaborating entity "BCD_ADDER" for hierarchy "DUT:dut_instance|BCD_ADDER:add_instance" File: C:/Lab/Lab_4_BCD_Adder/DUT.vhdl Line: 24
Warning (10036): Verilog HDL or VHDL warning at Bcd_adder.vhd(13): object "sig12" assigned a value but never read File: C:/Lab/Lab_4_BCD_Adder/Bcd_adder.vhd Line: 13
Info (12128): Elaborating entity "HALF_ADDER" for hierarchy "DUT:dut_instance|BCD_ADDER:add_instance|HALF_ADDER:inst1" File: C:/Lab/Lab_4_BCD_Adder/Bcd_adder.vhd Line: 17
Info (12128): Elaborating entity "FULL_ADDER" for hierarchy "DUT:dut_instance|BCD_ADDER:add_instance|FULL_ADDER:inst2" File: C:/Lab/Lab_4_BCD_Adder/Bcd_adder.vhd Line: 19
Info (12128): Elaborating entity "AND_2" for hierarchy "DUT:dut_instance|BCD_ADDER:add_instance|AND_2:inst5" File: C:/Lab/Lab_4_BCD_Adder/Bcd_adder.vhd Line: 25
Info (12128): Elaborating entity "OR_2" for hierarchy "DUT:dut_instance|BCD_ADDER:add_instance|OR_2:inst7" File: C:/Lab/Lab_4_BCD_Adder/Bcd_adder.vhd Line: 28
Info (11170): Starting IP generation for the debug fabric: alt_sld_fab.
Info (11172): 2024.06.07.10:17:34 Progress: Loading sld772088ca/alt_sld_fab_wrapper_hw.tcl
Info (11172): Alt_sld_fab.alt_sld_fab: SLD fabric agents which did not specify prefer_host were connected to JTAG
Info (11172): Alt_sld_fab: Generating alt_sld_fab "alt_sld_fab" for QUARTUS_SYNTH
Info (11172): Alt_sld_fab: "alt_sld_fab" instantiated alt_sld_fab "alt_sld_fab"
Info (11172): Presplit: "alt_sld_fab" instantiated altera_super_splitter "presplit"
Info (11172): Splitter: "alt_sld_fab" instantiated altera_sld_splitter "splitter"
Info (11172): Sldfabric: "alt_sld_fab" instantiated altera_sld_jtag_hub "sldfabric"
Info (11172): Ident: "alt_sld_fab" instantiated altera_connection_identification_hub "ident"
Info (11172): Alt_sld_fab: Done "alt_sld_fab" with 6 modules, 6 files
Info (11171): Finished IP generation for the debug fabric: alt_sld_fab.
Info (12021): Found 1 design units, including 1 entities, in source file db/ip/sld772088ca/alt_sld_fab.v
    Info (12023): Found entity 1: alt_sld_fab File: C:/Lab/Lab_4_BCD_Adder/db/ip/sld772088ca/alt_sld_fab.v Line: 9
Info (12021): Found 1 design units, including 1 entities, in source file db/ip/sld772088ca/submodules/alt_sld_fab_alt_sld_fab.v
    Info (12023): Found entity 1: alt_sld_fab_alt_sld_fab File: C:/Lab/Lab_4_BCD_Adder/db/ip/sld772088ca/submodules/alt_sld_fab_alt_sld_fab.v Line: 9
Info (12021): Found 1 design units, including 1 entities, in source file db/ip/sld772088ca/submodules/alt_sld_fab_alt_sld_fab_ident.sv
    Info (12023): Found entity 1: alt_sld_fab_alt_sld_fab_ident File: C:/Lab/Lab_4_BCD_Adder/db/ip/sld772088ca/submodules/alt_sld_fab_alt_sld_fab_ident.sv Line: 33
Info (12021): Found 1 design units, including 1 entities, in source file db/ip/sld772088ca/submodules/alt_sld_fab_alt_sld_fab_presplit.sv
    Info (12023): Found entity 1: alt_sld_fab_alt_sld_fab_presplit File: C:/Lab/Lab_4_BCD_Adder/db/ip/sld772088ca/submodules/alt_sld_fab_alt_sld_fab_presplit.sv Line: 3
Info (12021): Found 2 design units, including 1 entities, in source file db/ip/sld772088ca/submodules/alt_sld_fab_alt_sld_fab_sldfabric.vhd
    Info (12022): Found design unit 1: alt_sld_fab_alt_sld_fab_sldfabric-rtl File: C:/Lab/Lab_4_BCD_Adder/db/ip/sld772088ca/submodules/alt_sld_fab_alt_sld_fab_sldfabric.vhd Line: 102
    Info (12023): Found entity 1: alt_sld_fab_alt_sld_fab_sldfabric File: C:/Lab/Lab_4_BCD_Adder/db/ip/sld772088ca/submodules/alt_sld_fab_alt_sld_fab_sldfabric.vhd Line: 11
Info (12021): Found 1 design units, including 1 entities, in source file db/ip/sld772088ca/submodules/alt_sld_fab_alt_sld_fab_splitter.sv
    Info (12023): Found entity 1: alt_sld_fab_alt_sld_fab_splitter File: C:/Lab/Lab_4_BCD_Adder/db/ip/sld772088ca/submodules/alt_sld_fab_alt_sld_fab_splitter.sv Line: 3
Info (18000): Registers with preset signals will power-up high File: c:/intelfpga_lite/20.1/quartus/libraries/megafunctions/sld_jtag_hub.vhd Line: 386
Info (21057): Implemented 132 device resources after synthesis - the final resource count might be different
    Info (21058): Implemented 3 input pins
    Info (21059): Implemented 6 output pins
    Info (21061): Implemented 122 logic cells
Info: Quartus Prime Analysis & Synthesis was successful. 0 errors, 21 warnings
    Info: Peak virtual memory: 4761 megabytes
    Info: Processing ended: Fri Jun 07 10:17:41 2024
    Info: Elapsed time: 00:00:19
    Info: Total CPU time (on all processors): 00:00:17


